2021-11-29 18:52:13 INFO  Log4jManager:11 - Websitesi Açıldı
2021-11-29 18:52:13 INFO  Log4jManager:11 - Websitesi Açıldı
2021-11-29 18:52:14 INFO  Log4jManager:11 - Konum Popupı Kapatıldı
2021-11-29 18:52:14 INFO  Log4jManager:11 - Konum Popupı Kapatıldı
2021-11-29 18:52:17 INFO  Log4jManager:11 - Bildirim Popupı Kapatıldı
2021-11-29 18:52:35 INFO  Log4jManager:11 - Marka Seçildi
2021-11-29 18:52:39 INFO  Log4jManager:11 - Üçüncü Ürün Seçildi
2021-11-29 18:52:45 WARN  Log4jManager:16 - Bildirim Popupı Kapatılamadı
2021-11-29 18:52:47 INFO  Log4jManager:11 - Ürün Sepete Eklendi
2021-11-29 18:52:53 INFO  Log4jManager:11 - Mağazaları Gör Butonuna Tıklandı
2021-11-29 18:52:53 INFO  Log4jManager:11 - Sepete Gidildi
2021-11-29 18:53:03 WARN  Log4jManager:16 - Popup Açılmadı
2021-11-29 18:56:33 INFO  Log4jManager:11 - Websitesi Açıldı
2021-11-29 18:56:33 INFO  Log4jManager:11 - Websitesi Açıldı
2021-11-29 18:56:33 INFO  Log4jManager:11 - Konum Popupı Kapatıldı
2021-11-29 18:56:33 INFO  Log4jManager:11 - Konum Popupı Kapatıldı
2021-11-29 18:56:39 INFO  Log4jManager:11 - Bildirim Popupı Kapatıldı
2021-11-29 18:56:41 INFO  Log4jManager:11 - Bildirim Popupı Kapatıldı
2021-11-29 18:56:46 INFO  Log4jManager:11 - Mağazaları Gör Butonuna Tıklandı
2021-11-29 18:56:56 WARN  Log4jManager:16 - Popup Açılmadı
2021-11-29 18:56:59 INFO  Log4jManager:11 - Marka Seçildi
2021-11-29 18:57:02 INFO  Log4jManager:11 - Üçüncü Ürün Seçildi
2021-11-29 18:57:10 INFO  Log4jManager:11 - Ürün Sepete Eklendi
2021-11-29 18:57:14 INFO  Log4jManager:11 - Sepete Gidildi
2021-11-29 19:00:53 INFO  Log4jManager:11 - Websitesi Açıldı
2021-11-29 19:00:53 INFO  Log4jManager:11 - Websitesi Açıldı
2021-11-29 19:00:54 INFO  Log4jManager:11 - Konum Popupı Kapatıldı
2021-11-29 19:00:55 INFO  Log4jManager:11 - Konum Popupı Kapatıldı
2021-11-29 19:01:01 INFO  Log4jManager:11 - Bildirim Popupı Kapatıldı
2021-11-29 19:01:01 INFO  Log4jManager:11 - Bildirim Popupı Kapatıldı
2021-11-29 19:01:06 INFO  Log4jManager:11 - Mağazaları Gör Butonuna Tıklandı
2021-11-29 19:01:15 INFO  Log4jManager:11 - Marka Seçildi
2021-11-29 19:01:16 WARN  Log4jManager:16 - Popup Açılmadı
2021-11-29 19:01:18 INFO  Log4jManager:11 - Üçüncü Ürün Seçildi
2021-11-29 19:01:26 INFO  Log4jManager:11 - Ürün Sepete Eklendi
2021-11-29 19:01:29 INFO  Log4jManager:11 - Sepete Gidildi
